model,1769120725.034,0.43,0.2537,0.55,0.249
model,1769120725.32,0.47,0.2559,0.5,0.25
model,1769120725.601,0.5,0.25,0.48,0.2503
model,1769120725.884,0.49,0.2502,0.53,0.25
model,1769120726.204,0.54,0.2497,0.43,0.2515
model,1769120726.587,0.5,0.25,0.52,0.2494
model,1769120726.908,0.53,0.249,0.44,0.2528
model,1769120727.199,0.52,0.2492,0.47,0.2522
model,1769120727.486,0.53,0.2477,0.45,0.256
model,1769120727.783,0.45,0.2564,0.53,0.2477
model,1769120728.079,0.5,0.2504,0.56,0.2478
model,1769120728.429,0.53,0.248,0.49,0.2503
model,1769120728.737,0.49,0.2503,0.43,0.2509
model,1769120729.026,0.41,0.2512,0.5,0.2499
model,1769120729.331,0.46,0.2499,0.47,0.2503
model,1769120729.634,0.51,0.2496,0.5,0.2499
model,1769120729.924,0.49,0.251,0.55,0.2484
model,1769120730.225,0.47,0.251,0.54,0.249
model,1769120730.543,0.51,0.25,0.46,0.2509
model,1769120730.832,0.48,0.2507,0.49,0.2503
model,1769120731.105,0.5,0.25,0.49,0.2499
model,1769120731.389,0.47,0.2504,0.44,0.2508
model,1769120731.712,0.5,0.2499,0.57,0.2492
model,1769120732.002,0.58,0.2487,0.52,0.2493
model,1769120732.259,0.5,0.2498,0.61,0.248
model,1769120732.517,0.46,0.2492,0.55,0.2478
model,1769120732.778,0.53,0.2491,0.41,0.2497
model,1769120733.036,0.52,0.2498,0.51,0.2497
model,1769120733.281,0.57,0.249,0.58,0.248
model,1769120733.56,0.51,0.2484,0.52,0.2482
model,1769120733.86,0.53,0.2477,0.58,0.2467
model,1769120734.14,0.39,0.2547,0.53,0.2473
model,1769120734.42,0.4,0.2516,0.59,0.2455
model,1769120734.709,0.53,0.2496,0.58,0.2471
model,1769120734.985,0.58,0.2464,0.53,0.2459
model,1769120735.27,0.54,0.2468,0.49,0.2509
model,1769120735.551,0.52,0.2482,0.5,0.2494
model,1769120735.838,0.58,0.2455,0.58,0.2406
model,1769120736.125,0.47,0.2471,0.46,0.2571
model,1769120736.419,0.48,0.2519,0.6,0.2446
model,1769120736.7,0.48,0.2493,0.47,0.2509
model,1769120736.97,0.64,0.2457,0.44,0.2526
model,1769120737.265,0.53,0.2477,0.53,0.2474
model,1769120737.551,0.52,0.2486,0.57,0.243
model,1769120737.855,0.53,0.2484,0.47,0.2513
model,1769120738.146,0.59,0.2418,0.57,0.2488
model,1769120738.428,0.5,0.2472,0.57,0.2417
model,1769120738.712,0.61,0.2377,0.43,0.2619
model,1769120738.977,0.61,0.2376,0.59,0.229
model,1769120739.24,0.47,0.271,0.6,0.2415
model,1769120739.505,0.6,0.2393,0.59,0.2467
model,1769120739.766,0.59,0.2391,0.66,0.2301
model,1769120740.024,0.66,0.2317,0.5,0.2479
model,1769120740.273,0.69,0.2235,0.53,0.2596
model,1769120740.538,0.57,0.2392,0.61,0.2376
model,1769120740.808,0.56,0.2383,0.54,0.2417
model,1769120741.065,0.63,0.2409,0.64,0.2383
model,1769120741.328,0.6,0.2351,0.64,0.2338
model,1769120741.59,0.6,0.2421,0.6,0.242
model,1769120741.848,0.61,0.2351,0.54,0.2537
model,1769120742.1,0.5,0.2681,0.51,0.266
model,1769120742.361,0.5,0.2583,0.59,0.2361
model,1769120742.619,0.56,0.2377,0.58,0.2301
model,1769120742.887,0.61,0.2338,0.65,0.2358
model,1769120743.159,0.59,0.246,0.64,0.232
model,1769120743.413,0.48,0.2605,0.54,0.2572
model,1769120743.685,0.47,0.2636,0.63,0.2254
model,1769120743.965,0.58,0.2323,0.59,0.2345
model,1769120744.219,0.65,0.2251,0.59,0.234
model,1769120744.479,0.64,0.2328,0.59,0.2421
model,1769120744.734,0.6,0.2314,0.56,0.2389
model,1769120745.018,0.65,0.2209,0.59,0.2509
model,1769120745.283,0.61,0.2287,0.53,0.247
model,1769120745.529,0.51,0.2505,0.56,0.2361
model,1769120745.799,0.55,0.2436,0.51,0.2543
model,1769120746.065,0.6,0.2454,0.59,0.2448
model,1769120746.332,0.61,0.243,0.69,0.2322
model,1769120746.603,0.65,0.2325,0.65,0.2201
model,1769120746.854,0.65,0.233,0.56,0.2452
model,1769120747.105,0.62,0.2416,0.67,0.2189
model,1769120747.355,0.6,0.2341,0.61,0.2295
model,1769120747.555,0.58,0.2476,0.6,0.2392
model,1769120747.765,0.55,0.2411,0.57,0.2405
model,1769120747.975,0.53,0.242,0.58,0.2346
model,1769120748.189,0.6,0.2365,0.61,0.2287
model,1769120748.409,0.6,0.2388,0.54,0.2436
model,1769120748.614,0.71,0.2197,0.6,0.2328
model,1769120748.821,0.55,0.2425,0.54,0.2563
model,1769120749.016,0.57,0.2334,0.54,0.2351
model,1769120749.232,0.52,0.245,0.58,0.2372
model,1769120749.474,0.65,0.2241,0.62,0.2418
model,1769120749.724,0.56,0.2428,0.73,0.2024
model,1769120750.027,0.69,0.2256,0.53,0.2445
model,1769120750.279,0.65,0.2201,0.64,0.2201
model,1769120750.541,0.62,0.2236,0.61,0.2373
model,1769120750.805,0.69,0.203,0.7,0.2063
model,1769120751.096,0.5,0.2609,0.51,0.2686
model,1769120751.349,0.65,0.211,0.67,0.2134
model,1769120751.618,0.64,0.2187,0.5,0.2614
model,1769120751.886,0.56,0.25,0.61,0.237
model,1769120752.13,0.65,0.2114,0.6,0.2467
model,1769120752.396,0.61,0.2364,0.65,0.2335
model,1769120752.667,0.53,0.2636,0.61,0.2298
model,1769120752.919,0.46,0.2729,0.58,0.2409
model,1769120753.165,0.57,0.2372,0.6,0.2308
model,1769120753.365,0.55,0.2491,0.59,0.2392
model,1769120753.598,0.55,0.2355,0.57,0.2456
model,1769120753.821,0.61,0.2296,0.68,0.2276
model,1769120754.064,0.62,0.2346,0.54,0.2383
model,1769120754.27,0.58,0.2428,0.63,0.2278
model,1769120754.514,0.66,0.2219,0.56,0.2378
model,1769120754.716,0.62,0.2218,0.6,0.2346
model,1769120754.938,0.65,0.2384,0.57,0.2535
model,1769120755.156,0.59,0.2327,0.49,0.2389
model,1769120755.353,0.62,0.2279,0.58,0.2348
model,1769120755.581,0.63,0.2321,0.6,0.2247
model,1769120755.796,0.57,0.2377,0.6,0.2321
model,1769120756.013,0.48,0.2495,0.52,0.2487
model,1769120756.215,0.56,0.2455,0.6,0.2287
model,1769120756.452,0.51,0.258,0.64,0.23
model,1769120756.681,0.61,0.2289,0.5,0.2531
model,1769120756.898,0.6,0.2361,0.59,0.2335
model,1769120757.145,0.53,0.2474,0.6,0.244
model,1769120757.355,0.57,0.2355,0.65,0.2282
model,1769120757.556,0.53,0.2375,0.56,0.239
model,1769120757.749,0.65,0.2302,0.54,0.2377
model,1769120757.962,0.62,0.2302,0.66,0.2142
model,1769120758.186,0.65,0.2253,0.67,0.2177
model,1769120758.426,0.67,0.2255,0.62,0.2223
model,1769120758.641,0.57,0.2178,0.63,0.2247
model,1769120758.833,0.63,0.2353,0.7,0.2145
model,1769120759.034,0.55,0.2292,0.71,0.2148
model,1769120759.264,0.7,0.1977,0.59,0.2261
model,1769120759.471,0.64,0.2212,0.63,0.2238
model,1769120759.711,0.7,0.2157,0.63,0.2194
model,1769120759.96,0.68,0.21,0.62,0.2241
model,1769120760.216,0.61,0.2153,0.59,0.2507
model,1769120760.48,0.64,0.2254,0.6,0.2448
model,1769120760.744,0.56,0.24,0.69,0.2105
model,1769120761.014,0.64,0.2182,0.65,0.2336
model,1769120761.329,0.6,0.258,0.56,0.2378
model,1769120761.571,0.51,0.2821,0.58,0.2302
model,1769120761.834,0.58,0.2249,0.54,0.2466
model,1769120762.047,0.58,0.2524,0.63,0.2242
model,1769120762.291,0.62,0.2308,0.66,0.2161
model,1769120762.545,0.64,0.2076,0.49,0.2656
model,1769120762.827,0.65,0.2249,0.51,0.2664
model,1769120763.064,0.57,0.2434,0.6,0.2486
model,1769120763.326,0.61,0.2373,0.66,0.2251
model,1769120763.743,0.66,0.2367,0.65,0.2243
model,1769120764.009,0.69,0.2292,0.62,0.2219
model,1769120764.279,0.63,0.2453,0.6,0.2456
model,1769120764.551,0.64,0.2365,0.55,0.2519
model,1769120764.789,0.63,0.2226,0.55,0.2396
model,1769120765.169,0.57,0.2527,0.54,0.2464
model,1769120765.419,0.54,0.2419,0.54,0.252
model,1769120765.714,0.55,0.241,0.61,0.2301
model,1769120766.002,0.58,0.2432,0.61,0.2345
model,1769120766.266,0.64,0.223,0.61,0.2348
model,1769120766.542,0.67,0.2241,0.66,0.2226
model,1769120766.811,0.65,0.2287,0.56,0.2451
model,1769120767.12,0.63,0.2339,0.63,0.2206
model,1769120767.4,0.58,0.2371,0.61,0.2346
model,1769120767.69,0.51,0.2443,0.66,0.2175
model,1769120767.987,0.57,0.2432,0.63,0.2269
model,1769120768.248,0.61,0.232,0.61,0.2264
model,1769120768.551,0.65,0.2294,0.55,0.2446
model,1769120768.846,0.64,0.2276,0.59,0.2437
model,1769120769.127,0.55,0.2381,0.66,0.2216
model,1769120769.429,0.63,0.2295,0.67,0.2193
model,1769120769.741,0.67,0.2104,0.57,0.2448
model,1769120770.024,0.62,0.2348,0.63,0.2297
model,1769120770.315,0.59,0.2402,0.63,0.2275
model,1769120770.578,0.67,0.2222,0.64,0.235
model,1769120770.838,0.62,0.2275,0.65,0.2152
model,1769120771.119,0.64,0.2196,0.71,0.2207
model,1769120771.379,0.63,0.2189,0.59,0.2277
model,1769120771.631,0.65,0.2156,0.63,0.2325
model,1769120771.915,0.63,0.2202,0.59,0.2193
model,1769120772.149,0.59,0.2461,0.54,0.2465
model,1769120772.444,0.61,0.2333,0.6,0.2336
model,1769120772.704,0.57,0.2398,0.65,0.2106
model,1769120772.969,0.6,0.2371,0.71,0.2074
model,1769120773.239,0.53,0.2596,0.61,0.2433
model,1769120773.492,0.68,0.2211,0.69,0.2088
model,1769120773.758,0.69,0.219,0.66,0.2187
model,1769120774.013,0.58,0.2477,0.65,0.2388
model,1769120774.249,0.54,0.2583,0.64,0.2167
model,1769120774.514,0.68,0.212,0.63,0.2209
model,1769120774.775,0.65,0.2289,0.56,0.2569
model,1769120775.02,0.69,0.2195,0.68,0.2103
model,1769120775.285,0.56,0.2397,0.62,0.2265
model,1769120775.527,0.55,0.2397,0.68,0.2154
model,1769120775.799,0.61,0.2379,0.57,0.2306
model,1769120776.062,0.76,0.216,0.64,0.2271
model,1769120776.32,0.63,0.2216,0.64,0.2302
model,1769120776.563,0.7,0.2207,0.62,0.2236
model,1769120776.826,0.54,0.2455,0.63,0.2193
model,1769120777.073,0.63,0.2349,0.66,0.23
model,1769120777.351,0.62,0.2292,0.65,0.2201
model,1769120777.561,0.6,0.2212,0.58,0.2236
model,1769120777.801,0.63,0.2305,0.64,0.2215
model,1769120778.0,0.66,0.2116,0.58,0.2317
model,1769120778.199,0.63,0.2316,0.71,0.2111
model,1769120778.409,0.66,0.2303,0.64,0.2193
model,1769120778.616,0.6,0.2373,0.63,0.2213
model,1769120778.832,0.67,0.2081,0.69,0.2213
model,1769120779.032,0.54,0.2301,0.63,0.2198
model,1769120779.248,0.61,0.2399,0.72,0.204
model,1769120779.471,0.55,0.2446,0.61,0.2256
model,1769120779.681,0.68,0.2093,0.52,0.2523
model,1769120779.901,0.68,0.219,0.61,0.2292
model,1769120780.117,0.76,0.1972,0.64,0.2164
model,1769120780.317,0.61,0.246,0.65,0.224
model,1769120780.553,0.56,0.2492,0.67,0.2203
model,1769120780.783,0.64,0.2143,0.68,0.214
model,1769120780.996,0.64,0.2169,0.7,0.2041
model,1769120781.203,0.6,0.2244,0.59,0.2235
model,1769120781.425,0.68,0.2183,0.67,0.2136
model,1769120781.691,0.71,0.2143,0.61,0.2195
model,1769120781.94,0.65,0.2235,0.58,0.2367
model,1769120782.197,0.54,0.2531,0.68,0.2188
model,1769120782.447,0.72,0.2157,0.49,0.2579
model,1769120782.718,0.7,0.2058,0.64,0.2347
model,1769120782.979,0.54,0.2469,0.63,0.2323
model,1769120783.246,0.55,0.2534,0.67,0.2156
model,1769120783.518,0.68,0.211,0.61,0.2306
model,1769120783.761,0.62,0.2183,0.7,0.2144
model,1769120784.022,0.61,0.2452,0.65,0.2275
model,1769120784.271,0.63,0.2273,0.64,0.2197
model,1769120784.527,0.74,0.2093,0.6,0.2345
model,1769120784.817,0.6,0.2164,0.55,0.2462
model,1769120785.083,0.67,0.2106,0.61,0.2198
model,1769120785.309,0.63,0.2193,0.66,0.2073
model,1769120785.541,0.62,0.2367,0.7,0.2163
model,1769120785.751,0.69,0.2122,0.65,0.2254
model,1769120785.978,0.75,0.1998,0.52,0.267
model,1769120786.184,0.63,0.2309,0.68,0.2005
model,1769120786.381,0.6,0.2306,0.59,0.2295
model,1769120786.609,0.65,0.2202,0.62,0.2172
model,1769120786.84,0.58,0.2353,0.57,0.2668
model,1769120787.039,0.56,0.264,0.59,0.238
model,1769120787.224,0.63,0.2338,0.63,0.2145
model,1769120787.469,0.64,0.2163,0.74,0.1937
model,1769120787.659,0.7,0.2038,0.57,0.2499
model,1769120787.868,0.6,0.2278,0.71,0.2171
model,1769120788.09,0.58,0.2251,0.58,0.2535
model,1769120788.287,0.68,0.2129,0.63,0.2364
model,1769120788.475,0.53,0.2582,0.57,0.2334
model,1769120788.671,0.63,0.2211,0.71,0.2121
model,1769120788.881,0.59,0.2304,0.68,0.2173
model,1769120789.1,0.66,0.2216,0.56,0.2423
model,1769120789.304,0.57,0.2392,0.56,0.2361
model,1769120789.514,0.52,0.2348,0.66,0.2138
model,1769120789.775,0.68,0.2153,0.56,0.2319
model,1769120790.027,0.58,0.2292,0.63,0.2273
model,1769120790.276,0.65,0.2286,0.59,0.2294
model,1769120790.527,0.54,0.2548,0.67,0.224
model,1769120790.792,0.51,0.2485,0.64,0.2161
model,1769120791.059,0.68,0.2044,0.68,0.1934
model,1769120791.316,0.64,0.2157,0.57,0.2336
model,1769120791.579,0.56,0.2432,0.58,0.2378
model,1769120791.834,0.5,0.2541,0.67,0.2114
model,1769120792.089,0.62,0.2252,0.66,0.2153
model,1769120792.303,0.57,0.236,0.57,0.2275
model,1769120792.579,0.59,0.2388,0.65,0.2041
model,1769120792.848,0.65,0.2189,0.64,0.2355
model,1769120793.11,0.7,0.2116,0.63,0.2146
model,1769120793.369,0.66,0.2088,0.7,0.2106
model,1769120793.617,0.7,0.2097,0.62,0.2287
model,1769120793.857,0.67,0.2179,0.66,0.2243
model,1769120794.111,0.67,0.2087,0.59,0.2302
model,1769120794.388,0.64,0.2154,0.63,0.232
model,1769120794.632,0.7,0.2026,0.62,0.229
model,1769120794.873,0.65,0.217,0.67,0.2133
model,1769120795.216,0.7,0.2111,0.68,0.2089
model,1769120795.488,0.69,0.2033,0.63,0.2284
model,1769120795.754,0.63,0.2228,0.64,0.2351
model,1769120796.033,0.69,0.1933,0.64,0.2111
model,1769120796.306,0.62,0.2294,0.64,0.2301
model,1769120796.581,0.57,0.2612,0.69,0.1964
model,1769120796.844,0.74,0.1799,0.73,0.1935
model,1769120797.11,0.63,0.2262,0.68,0.2272
model,1769120797.38,0.66,0.2137,0.76,0.1921
model,1769120797.695,0.68,0.196,0.59,0.2489
model,1769120797.99,0.67,0.2115,0.59,0.238
model,1769120798.285,0.67,0.2203,0.66,0.2166
model,1769120798.562,0.69,0.1979,0.62,0.2342
model,1769120798.859,0.66,0.21,0.62,0.2262
model,1769120799.163,0.69,0.219,0.64,0.22
model,1769120799.442,0.57,0.2441,0.63,0.2111
model,1769120799.728,0.61,0.2275,0.59,0.2267
model,1769120800.016,0.68,0.2056,0.64,0.2205
model,1769120800.297,0.64,0.2155,0.6,0.2389
model,1769120800.598,0.67,0.2221,0.6,0.2134
model,1769120800.862,0.67,0.2127,0.72,0.1803
model,1769120801.161,0.69,0.2042,0.57,0.2502
model,1769120801.452,0.63,0.2304,0.59,0.2419
model,1769120801.738,0.58,0.2347,0.62,0.2262
model,1769120802.034,0.64,0.229,0.61,0.2196
model,1769120802.311,0.71,0.2096,0.7,0.2092
model,1769120802.61,0.63,0.2211,0.71,0.2063
model,1769120802.87,0.63,0.2309,0.72,0.1899
model,1769120803.135,0.61,0.2353,0.67,0.2122
model,1769120803.393,0.66,0.2073,0.66,0.2252
model,1769120803.657,0.63,0.2244,0.56,0.263
model,1769120803.917,0.64,0.2361,0.58,0.228
model,1769120804.165,0.65,0.2323,0.66,0.209
model,1769120804.426,0.59,0.224,0.63,0.2257
model,1769120804.696,0.62,0.2247,0.57,0.2399
model,1769120804.94,0.68,0.2205,0.62,0.2251
model,1769120805.195,0.72,0.2035,0.72,0.2123
model,1769120805.448,0.63,0.2225,0.65,0.2184
model,1769120805.704,0.71,0.2004,0.61,0.2275
model,1769120805.976,0.5,0.2664,0.57,0.2437
model,1769120806.231,0.72,0.2041,0.61,0.242
model,1769120806.478,0.63,0.2171,0.71,0.2036
model,1769120806.751,0.74,0.2123,0.69,0.2069
model,1769120807.029,0.67,0.2044,0.61,0.2172
model,1769120807.273,0.7,0.1982,0.61,0.2367
model,1769120807.483,0.73,0.1847,0.63,0.2298
model,1769120807.709,0.58,0.2491,0.65,0.2208
model,1769120807.914,0.7,0.1914,0.61,0.2343
model,1769120808.115,0.68,0.214,0.54,0.253
model,1769120808.329,0.62,0.222,0.68,0.2128
model,1769120808.543,0.71,0.1978,0.72,0.1913
model,1769120808.749,0.63,0.2267,0.59,0.2603
model,1769120808.932,0.56,0.2586,0.64,0.2155
model,1769120809.147,0.56,0.2584,0.54,0.2534
model,1769120809.38,0.64,0.2109,0.56,0.2434
model,1769120809.599,0.66,0.2276,0.69,0.2085
model,1769120809.817,0.67,0.2231,0.63,0.2152
model,1769120810.014,0.62,0.2262,0.75,0.1735
model,1769120810.226,0.68,0.2101,0.65,0.2249
model,1769120810.435,0.69,0.2136,0.67,0.2203
model,1769120810.635,0.72,0.1992,0.64,0.2059
model,1769120810.878,0.73,0.2033,0.61,0.229
model,1769120811.082,0.69,0.2137,0.74,0.1971
model,1769120811.297,0.69,0.2167,0.57,0.2481
model,1769120811.497,0.69,0.1967,0.72,0.2027
model,1769120811.706,0.69,0.2075,0.71,0.1967
model,1769120811.925,0.61,0.2146,0.67,0.1984
model,1769120812.123,0.6,0.2426,0.73,0.1923
model,1769120812.315,0.58,0.2397,0.68,0.2112
model,1769120812.539,0.61,0.2459,0.68,0.2266
model,1769120812.752,0.64,0.2181,0.66,0.2206
model,1769120812.996,0.62,0.2227,0.68,0.2011
model,1769120813.232,0.65,0.2158,0.58,0.2438
model,1769120813.457,0.65,0.2328,0.64,0.2273
model,1769120813.737,0.58,0.2305,0.61,0.2334
model,1769120814.009,0.63,0.218,0.59,0.2343
model,1769120814.288,0.72,0.1942,0.65,0.2138
model,1769120814.561,0.69,0.2079,0.68,0.2236
model,1769120814.828,0.73,0.1968,0.55,0.2523
model,1769120815.104,0.68,0.1971,0.75,0.2045
model,1769120815.378,0.65,0.2201,0.73,0.1983
model,1769120815.622,0.59,0.2208,0.7,0.198
model,1769120815.882,0.79,0.1753,0.7,0.2084
model,1769120816.133,0.7,0.2169,0.72,0.1938
model,1769120816.396,0.76,0.1874,0.63,0.2228
model,1769120816.685,0.68,0.1989,0.65,0.2255
model,1769120816.961,0.64,0.2021,0.67,0.2145
model,1769120817.181,0.71,0.1948,0.61,0.2206
model,1769120817.382,0.64,0.2306,0.65,0.2269
model,1769120817.611,0.76,0.1809,0.61,0.2461
model,1769120817.827,0.72,0.2285,0.66,0.2115
model,1769120818.036,0.55,0.2711,0.67,0.1926
model,1769120818.247,0.66,0.211,0.68,0.2297
model,1769120818.453,0.6,0.2493,0.64,0.2308
model,1769120818.665,0.68,0.2149,0.64,0.2478
model,1769120818.914,0.74,0.1866,0.68,0.2145
model,1769120819.15,0.72,0.2055,0.67,0.2108
model,1769120819.332,0.67,0.2174,0.63,0.2251
model,1769120819.548,0.65,0.2262,0.67,0.2015
model,1769120819.799,0.68,0.2065,0.62,0.2224
model,1769120820.077,0.72,0.2028,0.65,0.2424
model,1769120820.362,0.67,0.2343,0.59,0.2553
model,1769120820.634,0.65,0.2301,0.59,0.227
model,1769120820.894,0.67,0.2054,0.7,0.2132
model,1769120821.154,0.59,0.2538,0.74,0.1914
model,1769120821.42,0.59,0.2267,0.68,0.2237
model,1769120821.672,0.69,0.2199,0.72,0.1998
model,1769120821.915,0.67,0.217,0.63,0.2264
model,1769120822.181,0.65,0.2162,0.6,0.223
model,1769120822.419,0.66,0.2091,0.7,0.2144
model,1769120822.688,0.67,0.2073,0.61,0.2135
model,1769120822.92,0.68,0.2152,0.67,0.2136
model,1769120823.176,0.66,0.2112,0.64,0.2246
model,1769120823.425,0.58,0.2345,0.6,0.2178
model,1769120823.709,0.71,0.2113,0.54,0.2593
model,1769120823.961,0.6,0.2419,0.65,0.2254
model,1769120824.193,0.65,0.2184,0.64,0.2268
model,1769120824.45,0.7,0.2084,0.6,0.2277
model,1769120824.701,0.58,0.2359,0.69,0.2013
model,1769120824.954,0.68,0.2121,0.64,0.2207
model,1769120825.187,0.72,0.1879,0.67,0.1968
model,1769120825.441,0.65,0.2313,0.64,0.2092
model,1769120825.681,0.65,0.2237,0.7,0.202
model,1769120825.93,0.63,0.2191,0.7,0.1932
model,1769120826.192,0.64,0.2148,0.71,0.1887
model,1769120826.43,0.73,0.1929,0.72,0.2004
model,1769120826.709,0.74,0.1943,0.7,0.196
model,1769120826.971,0.71,0.1921,0.66,0.1945
model,1769120827.241,0.71,0.2057,0.73,0.1862
model,1769120827.496,0.65,0.2228,0.65,0.2108
model,1769120827.761,0.64,0.2155,0.61,0.2284
model,1769120828.024,0.66,0.2301,0.63,0.2242
model,1769120828.277,0.67,0.2142,0.78,0.1634
model,1769120828.522,0.61,0.2336,0.65,0.1999
model,1769120828.778,0.69,0.1945,0.69,0.189
model,1769120829.032,0.76,0.1946,0.68,0.211
model,1769120829.289,0.6,0.2356,0.72,0.195
model,1769120829.566,0.56,0.2615,0.71,0.208
model,1769120829.877,0.77,0.1843,0.71,0.1885
model,1769120830.168,0.65,0.221,0.72,0.1856
model,1769120830.441,0.74,0.1942,0.61,0.2352
model,1769120830.717,0.62,0.2313,0.64,0.2368
model,1769120830.998,0.6,0.225,0.71,0.1939
model,1769120831.295,0.72,0.2083,0.68,0.2178
model,1769120831.618,0.74,0.2062,0.69,0.2061
model,1769120831.925,0.72,0.192,0.67,0.2004
model,1769120832.201,0.73,0.1904,0.74,0.1935
model,1769120832.49,0.56,0.2276,0.74,0.1787
model,1769120832.762,0.66,0.2223,0.68,0.2213
model,1769120833.112,0.61,0.2166,0.69,0.2024
model,1769120833.409,0.66,0.2066,0.71,0.203
model,1769120833.715,0.66,0.2115,0.7,0.193
model,1769120834.005,0.63,0.194,0.59,0.2242
model,1769120834.303,0.63,0.2165,0.74,0.1771
model,1769120834.573,0.64,0.2097,0.7,0.1905
model,1769120834.813,0.64,0.2164,0.78,0.1853
model,1769120835.088,0.79,0.1905,0.65,0.2086
model,1769120835.344,0.57,0.2314,0.64,0.2054
model,1769120835.613,0.63,0.2195,0.62,0.2119
model,1769120835.869,0.65,0.225,0.74,0.1926
model,1769120836.14,0.7,0.1933,0.76,0.1659
model,1769120836.411,0.67,0.206,0.68,0.1907
model,1769120836.681,0.76,0.1733,0.52,0.2591
model,1769120836.937,0.66,0.2299,0.72,0.2006
model,1769120837.217,0.58,0.2366,0.66,0.2272
model,1769120837.461,0.71,0.1933,0.67,0.2141
model,1769120837.674,0.73,0.1857,0.71,0.1895
model,1769120837.88,0.67,0.2004,0.68,0.2033
model,1769120838.103,0.64,0.2162,0.7,0.2128
model,1769120838.332,0.76,0.186,0.72,0.1837
model,1769120838.53,0.74,0.18,0.79,0.1726
model,1769120838.768,0.63,0.2225,0.75,0.1899
model,1769120838.995,0.72,0.1939,0.72,0.1944
model,1769120839.236,0.72,0.1864,0.78,0.1803
model,1769120839.448,0.6,0.2312,0.65,0.2164
model,1769120839.657,0.65,0.2124,0.58,0.2177
model,1769120839.849,0.62,0.2121,0.69,0.2084
model,1769120840.064,0.67,0.208,0.65,0.2214
model,1769120840.273,0.67,0.2179,0.69,0.1986
model,1769120840.497,0.64,0.2088,0.81,0.1691
model,1769120840.697,0.77,0.1742,0.78,0.1728
model,1769120840.896,0.7,0.1909,0.72,0.1871
model,1769120841.108,0.71,0.1848,0.61,0.2537
model,1769120841.315,0.68,0.1958,0.58,0.247
model,1769120841.535,0.64,0.2326,0.72,0.1663
model,1769120841.73,0.69,0.1921,0.71,0.1889
model,1769120841.933,0.77,0.1815,0.75,0.1514
model,1769120842.147,0.69,0.2109,0.62,0.2358
model,1769120842.375,0.64,0.2141,0.7,0.1848
model,1769120842.588,0.63,0.2083,0.69,0.1975
model,1769120842.78,0.67,0.2051,0.67,0.2163
model,1769120842.999,0.6,0.2379,0.71,0.1796
model,1769120843.212,0.68,0.2181,0.69,0.2001
model,1769120843.414,0.66,0.2013,0.73,0.2038
model,1769120843.617,0.71,0.1932,0.6,0.2352
model,1769120843.845,0.7,0.2044,0.64,0.229
model,1769120844.065,0.7,0.1909,0.61,0.2228
model,1769120844.295,0.71,0.182,0.69,0.1945
model,1769120844.518,0.66,0.2155,0.7,0.2015
model,1769120844.746,0.68,0.2029,0.61,0.2263
model,1769120844.971,0.56,0.2313,0.62,0.2123
model,1769120845.177,0.73,0.1776,0.76,0.1792
model,1769120845.38,0.67,0.2006,0.69,0.1984
model,1769120845.662,0.62,0.2237,0.68,0.1943
model,1769120845.895,0.73,0.1877,0.64,0.2137
model,1769120846.159,0.73,0.1841,0.6,0.2351
model,1769120846.405,0.6,0.2324,0.66,0.2059
model,1769120846.685,0.55,0.256,0.65,0.2147
model,1769120846.95,0.58,0.2414,0.66,0.2075
model,1769120847.203,0.81,0.1613,0.62,0.2188
model,1769120847.48,0.69,0.1988,0.65,0.2185
model,1769120847.713,0.68,0.2168,0.67,0.1882
model,1769120848.013,0.67,0.228,0.69,0.194
model,1769120848.276,0.65,0.2135,0.62,0.2175
model,1769120848.537,0.67,0.2143,0.67,0.211
model,1769120848.822,0.66,0.2102,0.66,0.2017
model,1769120849.093,0.68,0.2029,0.66,0.2122
model,1769120849.346,0.68,0.2041,0.72,0.1981
model,1769120849.549,0.69,0.1924,0.58,0.2352
model,1769120849.765,0.72,0.1917,0.73,0.1772
model,1769120850.027,0.76,0.1818,0.7,0.1968
model,1769120850.31,0.71,0.1756,0.72,0.1832
model,1769120850.603,0.72,0.1901,0.7,0.197
model,1769120850.871,0.76,0.1733,0.69,0.2069
model,1769120851.146,0.74,0.19,0.58,0.2237
model,1769120851.43,0.68,0.2023,0.6,0.226
model,1769120851.688,0.73,0.1679,0.68,0.1991
model,1769120851.944,0.73,0.1891,0.66,0.1954
model,1769120852.197,0.77,0.1635,0.67,0.2273
model,1769120852.447,0.64,0.2265,0.69,0.2076
model,1769120852.684,0.6,0.242,0.76,0.1553
model,1769120852.927,0.81,0.1436,0.69,0.2064
model,1769120853.217,0.71,0.1947,0.66,0.2197
model,1769120853.495,0.68,0.2141,0.67,0.1973
model,1769120853.73,0.72,0.1715,0.64,0.2211
model,1769120853.994,0.78,0.1681,0.7,0.18
model,1769120854.243,0.64,0.2079,0.68,0.2149
model,1769120854.497,0.71,0.1914,0.66,0.1988
model,1769120854.729,0.68,0.1917,0.75,0.1734
model,1769120854.994,0.71,0.2051,0.69,0.1896
model,1769120855.255,0.67,0.2223,0.62,0.2347
model,1769120855.502,0.64,0.1998,0.69,0.1868
model,1769120855.761,0.71,0.1841,0.69,0.1967
model,1769120856.01,0.69,0.2028,0.65,0.2139
model,1769120856.269,0.69,0.1892,0.59,0.2222
model,1769120856.519,0.67,0.1928,0.62,0.2264
model,1769120856.798,0.64,0.2094,0.66,0.2259
model,1769120857.052,0.62,0.2323,0.65,0.2185
model,1769120857.306,0.66,0.2111,0.71,0.195
model,1769120857.551,0.64,0.2134,0.64,0.2209
model,1769120857.817,0.68,0.214,0.64,0.2131
model,1769120858.079,0.62,0.2218,0.61,0.2256
model,1769120858.325,0.67,0.2095,0.73,0.2053
model,1769120858.606,0.63,0.2294,0.72,0.1896
model,1769120858.868,0.71,0.1929,0.71,0.195
model,1769120859.126,0.7,0.1915,0.67,0.1958
model,1769120859.393,0.67,0.2157,0.65,0.2125
model,1769120859.641,0.7,0.2019,0.67,0.2129
model,1769120859.895,0.65,0.2019,0.7,0.205
model,1769120860.138,0.71,0.2122,0.62,0.2235
model,1769120860.371,0.72,0.1977,0.74,0.1716
model,1769120860.644,0.72,0.1815,0.63,0.2339
model,1769120860.904,0.67,0.2032,0.65,0.2288
model,1769120861.161,0.69,0.2072,0.65,0.1949
model,1769120861.393,0.56,0.2384,0.73,0.2168
model,1769120861.688,0.75,0.1647,0.72,0.1918
model,1769120861.972,0.59,0.2133,0.68,0.2109
model,1769120862.263,0.77,0.1822,0.66,0.2216
model,1769120862.524,0.69,0.183,0.72,0.2091
model,1769120862.812,0.72,0.1805,0.77,0.1684
model,1769120863.11,0.71,0.1746,0.61,0.232
model,1769120863.39,0.64,0.2096,0.69,0.206
model,1769120863.688,0.74,0.1742,0.66,0.2138
model,1769120863.986,0.76,0.174,0.69,0.207
model,1769120864.293,0.73,0.2011,0.79,0.1651
model,1769120864.582,0.76,0.1768,0.7,0.1905
model,1769120864.873,0.7,0.2055,0.7,0.1952
model,1769120865.145,0.65,0.2056,0.63,0.2347
model,1769120865.427,0.61,0.2295,0.71,0.2029
model,1769120865.736,0.74,0.1889,0.7,0.1973
model,1769120866.023,0.69,0.1995,0.71,0.1877
model,1769120866.302,0.69,0.2001,0.74,0.1766
model,1769120866.581,0.64,0.2053,0.62,0.2202
model,1769120866.845,0.67,0.2093,0.67,0.1949
model,1769120867.096,0.73,0.1832,0.64,0.229
model,1769120867.335,0.78,0.1685,0.72,0.2042
model,1769120867.563,0.72,0.1904,0.71,0.1742
model,1769120867.786,0.69,0.1994,0.7,0.1803
model,1769120867.998,0.69,0.1859,0.62,0.2175
model,1769120868.2,0.76,0.1714,0.73,0.1763
model,1769120868.405,0.72,0.1857,0.66,0.2094
model,1769120868.641,0.72,0.1913,0.65,0.2068
model,1769120868.849,0.64,0.2097,0.69,0.1929
model,1769120869.109,0.66,0.219,0.65,0.2208
model,1769120869.301,0.64,0.2294,0.7,0.1982
model,1769120869.533,0.71,0.1931,0.65,0.2046
model,1769120869.747,0.71,0.1744,0.73,0.1862
model,1769120869.955,0.71,0.1865,0.63,0.2204
model,1769120870.168,0.71,0.2199,0.76,0.1758
model,1769120870.379,0.61,0.2254,0.68,0.2011
model,1769120870.566,0.73,0.1865,0.78,0.1777
model,1769120870.78,0.79,0.1629,0.73,0.1881
model,1769120871.001,0.7,0.1909,0.69,0.1976
model,1769120871.226,0.8,0.1522,0.76,0.1684
model,1769120871.444,0.67,0.1902,0.69,0.2028
model,1769120871.648,0.73,0.1947,0.69,0.197
model,1769120871.846,0.75,0.1795,0.74,0.1696
model,1769120872.1,0.81,0.1422,0.71,0.1957
model,1769120872.292,0.62,0.2263,0.71,0.1861
model,1769120872.48,0.75,0.1721,0.71,0.1966
model,1769120872.703,0.73,0.1809,0.62,0.2394
model,1769120872.919,0.77,0.1706,0.72,0.2091
model,1769120873.148,0.72,0.1882,0.69,0.1924
model,1769120873.354,0.69,0.2077,0.73,0.1778
model,1769120873.562,0.8,0.1503,0.79,0.1577
model,1769120873.765,0.74,0.1919,0.7,0.2015
model,1769120873.98,0.7,0.2119,0.78,0.1442
model,1769120874.197,0.64,0.2093,0.74,0.1771
model,1769120874.429,0.69,0.2196,0.75,0.1765
model,1769120874.629,0.7,0.2037,0.69,0.1759
model,1769120874.844,0.8,0.1614,0.67,0.2156
model,1769120875.046,0.76,0.1844,0.63,0.215
model,1769120875.263,0.76,0.1891,0.7,0.1718
model,1769120875.48,0.7,0.19,0.66,0.2044
model,1769120875.681,0.79,0.1724,0.67,0.2078
model,1769120875.913,0.76,0.1823,0.75,0.1676
model,1769120876.133,0.64,0.2326,0.65,0.1971
model,1769120876.369,0.68,0.2158,0.67,0.1959
model,1769120876.589,0.8,0.157,0.66,0.2119
model,1769120876.806,0.62,0.2238,0.76,0.169
model,1769120877.034,0.63,0.2162,0.7,0.186
model,1769120877.231,0.67,0.1989,0.73,0.1759
model,1769120877.484,0.72,0.1932,0.66,0.2032
model,1769120877.784,0.68,0.1928,0.75,0.1874
model,1769120878.082,0.74,0.166,0.74,0.1831
model,1769120878.346,0.77,0.1741,0.73,0.2039
model,1769120878.608,0.73,0.1837,0.69,0.2051
model,1769120878.879,0.78,0.1629,0.69,0.1898
model,1769120879.127,0.63,0.2138,0.66,0.2003
model,1769120879.421,0.79,0.1636,0.77,0.1609
model,1769120879.675,0.59,0.2223,0.62,0.2105
model,1769120879.944,0.73,0.176,0.67,0.2079
model,1769120880.249,0.79,0.1687,0.74,0.1729
model,1769120880.539,0.62,0.2275,0.72,0.1787
model,1769120880.813,0.68,0.194,0.76,0.1512
model,1769120881.077,0.79,0.1588,0.73,0.1802
model,1769120881.345,0.65,0.21,0.68,0.1927
model,1769120881.578,0.68,0.1974,0.66,0.2003
model,1769120881.78,0.73,0.1661,0.67,0.2117
model,1769120881.996,0.68,0.2086,0.7,0.1936
model,1769120882.215,0.79,0.1532,0.72,0.1846
model,1769120882.464,0.68,0.2005,0.69,0.1974
model,1769120882.701,0.76,0.1626,0.63,0.2276
model,1769120882.946,0.76,0.1623,0.67,0.2108
model,1769120883.187,0.73,0.2002,0.68,0.2073
model,1769120883.436,0.69,0.1878,0.67,0.2176
model,1769120883.688,0.68,0.2058,0.74,0.1635
model,1769120883.942,0.73,0.1729,0.72,0.1919
model,1769120884.177,0.73,0.198,0.69,0.2029
model,1769120884.42,0.72,0.184,0.78,0.1582
model,1769120884.663,0.77,0.1644,0.73,0.1838
model,1769120884.912,0.72,0.1928,0.69,0.1953
model,1769120885.169,0.59,0.2405,0.71,0.1779
model,1769120885.416,0.72,0.1774,0.67,0.2182
model,1769120885.673,0.68,0.189,0.64,0.217
model,1769120885.916,0.74,0.1832,0.72,0.1841
model,1769120886.161,0.74,0.1933,0.77,0.166
model,1769120886.403,0.69,0.1897,0.77,0.1612
model,1769120886.662,0.72,0.203,0.68,0.1961
model,1769120886.957,0.71,0.1933,0.73,0.1804
model,1769120887.221,0.8,0.162,0.67,0.2051
model,1769120887.491,0.78,0.1623,0.76,0.179
model,1769120887.756,0.64,0.2131,0.71,0.1964
model,1769120888.017,0.67,0.2072,0.64,0.2224
model,1769120888.28,0.6,0.2151,0.67,0.206
model,1769120888.556,0.69,0.1961,0.65,0.2238
model,1769120888.799,0.69,0.1917,0.67,0.2072
model,1769120889.047,0.72,0.1796,0.8,0.1661
model,1769120889.307,0.69,0.1976,0.73,0.2041
model,1769120889.568,0.73,0.1885,0.71,0.1839
model,1769120889.823,0.69,0.1757,0.66,0.2165
model,1769120890.06,0.79,0.1814,0.71,0.215
model,1769120890.319,0.66,0.1943,0.73,0.1814
model,1769120890.597,0.77,0.1713,0.74,0.1719
model,1769120890.835,0.73,0.1931,0.71,0.1935
model,1769120891.106,0.79,0.1541,0.64,0.2162
model,1769120891.373,0.77,0.1641,0.7,0.2017
model,1769120891.633,0.77,0.1599,0.7,0.1618
model,1769120891.914,0.71,0.1898,0.69,0.1896
model,1769120892.176,0.73,0.1834,0.75,0.1799
model,1769120892.428,0.76,0.1668,0.81,0.1397
model,1769120892.688,0.77,0.1526,0.72,0.1791
model,1769120892.943,0.73,0.1776,0.76,0.1639
model,1769120893.236,0.67,0.2046,0.73,0.1713
model,1769120893.515,0.76,0.1703,0.72,0.1822
model,1769120893.805,0.77,0.1596,0.76,0.1931
model,1769120894.086,0.75,0.1715,0.76,0.1822
model,1769120894.364,0.74,0.1714,0.66,0.2067
model,1769120894.654,0.74,0.1754,0.65,0.206
model,1769120894.984,0.7,0.192,0.66,0.203
